<?xml version="1.0" encoding="UTF-8"?>
<!-- Generated by org.testng.reporters.JUnitXMLReporter -->
<testsuite hostname="MSI" ignored="10" name="dadLabs Automation TestCases" tests="1" failures="1" timestamp="07 Apr 2023 22:05:14 GMT" time="47.667" errors="0">
  <testcase name="getTestsWithSpecifiedOfferTest" time="15.14" classname="com.dadlabs.tests.HomePageTest">
    <failure type="org.openqa.selenium.NoSuchElementException" message="An element could not be located on the page using the given search parameters.
For documentation on this error, please visit: https://selenium.dev/exceptions/#no_such_element
Build info: version: &amp;apos;4.8.3&amp;apos;, revision: &amp;apos;e5e76298c3&amp;apos;
System info: os.name: &amp;apos;Windows 10&amp;apos;, os.arch: &amp;apos;amd64&amp;apos;, os.version: &amp;apos;10.0&amp;apos;, java.version: &amp;apos;1.8.0_202&amp;apos;
Driver info: io.appium.java_client.android.AndroidDriver
Command: [db280a7d-97fe-49e1-aafa-fe9117ebe4c8, findChildElement {id=00000000-0000-0024-0000-004500000003, using=xpath, value=.//android.view.View[contains(@content-desc,&amp;quot;20%OFFF&amp;quot;) and @clickable= &amp;quot;false&amp;quot;]/following-sibling::android.view.View[@clickable= &amp;quot;true&amp;quot;][1]}]
Capabilities {appium:appActivity: com.dadlabs.app.MainActivity, appium:appPackage: com.dadlabs.app.dev, appium:autoGrantPermissions: true, appium:automationName: uiautomator2, appium:databaseEnabled: false, appium:desired: {appActivity: com.dadlabs.app.MainActivity, appPackage: com.dadlabs.app.dev, autoGrantPermissions: true, automationName: uiautomator2, deviceName: Pixel 6, platformName: android, platformVersion: 12, udid: emulator-5554}, appium:deviceApiLevel: 31, appium:deviceManufacturer: Google, appium:deviceModel: sdk_gphone64_x86_64, appium:deviceName: emulator-5554, appium:deviceScreenDensity: 420, appium:deviceScreenSize: 1080x2400, appium:deviceUDID: emulator-5554, appium:javascriptEnabled: true, appium:locationContextEnabled: false, appium:networkConnectionEnabled: true, appium:pixelRatio: 2.625, appium:platformVersion: 12, appium:statBarHeight: 63, appium:takesScreenshot: true, appium:udid: emulator-5554, appium:viewportRect: {height: 2211, left: 0, top: 63, width: 1080}, appium:warnings: {}, appium:webStorageEnabled: false, platformName: ANDROID}
Session ID: db280a7d-97fe-49e1-aafa-fe9117ebe4c8">
      <![CDATA[org.openqa.selenium.NoSuchElementException: An element could not be located on the page using the given search parameters.
For documentation on this error, please visit: https://selenium.dev/exceptions/#no_such_element
Build info: version: '4.8.3', revision: 'e5e76298c3'
System info: os.name: 'Windows 10', os.arch: 'amd64', os.version: '10.0', java.version: '1.8.0_202'
Driver info: io.appium.java_client.android.AndroidDriver
Command: [db280a7d-97fe-49e1-aafa-fe9117ebe4c8, findChildElement {id=00000000-0000-0024-0000-004500000003, using=xpath, value=.//android.view.View[contains(@content-desc,"20%OFFF") and @clickable= "false"]/following-sibling::android.view.View[@clickable= "true"][1]}]
Capabilities {appium:appActivity: com.dadlabs.app.MainActivity, appium:appPackage: com.dadlabs.app.dev, appium:autoGrantPermissions: true, appium:automationName: uiautomator2, appium:databaseEnabled: false, appium:desired: {appActivity: com.dadlabs.app.MainActivity, appPackage: com.dadlabs.app.dev, autoGrantPermissions: true, automationName: uiautomator2, deviceName: Pixel 6, platformName: android, platformVersion: 12, udid: emulator-5554}, appium:deviceApiLevel: 31, appium:deviceManufacturer: Google, appium:deviceModel: sdk_gphone64_x86_64, appium:deviceName: emulator-5554, appium:deviceScreenDensity: 420, appium:deviceScreenSize: 1080x2400, appium:deviceUDID: emulator-5554, appium:javascriptEnabled: true, appium:locationContextEnabled: false, appium:networkConnectionEnabled: true, appium:pixelRatio: 2.625, appium:platformVersion: 12, appium:statBarHeight: 63, appium:takesScreenshot: true, appium:udid: emulator-5554, appium:viewportRect: {height: 2211, left: 0, top: 63, width: 1080}, appium:warnings: {}, appium:webStorageEnabled: false, platformName: ANDROID}
Session ID: db280a7d-97fe-49e1-aafa-fe9117ebe4c8
at org.openqa.selenium.remote.codec.w3c.W3CHttpResponseCodec.createException(W3CHttpResponseCodec.java:200)
at org.openqa.selenium.remote.codec.w3c.W3CHttpResponseCodec.decode(W3CHttpResponseCodec.java:133)
at org.openqa.selenium.remote.codec.w3c.W3CHttpResponseCodec.decode(W3CHttpResponseCodec.java:53)
at org.openqa.selenium.remote.HttpCommandExecutor.execute(HttpCommandExecutor.java:193)
at io.appium.java_client.remote.AppiumCommandExecutor.execute(AppiumCommandExecutor.java:262)
at org.openqa.selenium.remote.RemoteWebDriver.execute(RemoteWebDriver.java:543)
at org.openqa.selenium.remote.ElementLocation$ElementFinder$2.findElement(ElementLocation.java:162)
at org.openqa.selenium.remote.ElementLocation.findElement(ElementLocation.java:60)
at org.openqa.selenium.remote.RemoteWebDriver.findElement(RemoteWebDriver.java:352)
at org.openqa.selenium.remote.RemoteWebElement.findElement(RemoteWebElement.java:227)
at io.appium.java_client.pagefactory.ElementInterceptor.getObject(ElementInterceptor.java:40)
at io.appium.java_client.pagefactory.interceptors.InterceptorOfASingleElement.intercept(InterceptorOfASingleElement.java:60)
at org.openqa.selenium.remote.RemoteWebElement$$EnhancerByCGLIB$$d27c0df4.findElement(<generated>)
at com.dadlabs.pages.HomePage.getTestsWithSpecifiedOffer(HomePage.java:112)
at com.dadlabs.tests.HomePageTest.getTestsWithSpecifiedOfferTest(HomePageTest.java:87)
at com.intellij.rt.testng.IDEARemoteTestNG.run(IDEARemoteTestNG.java:66)
at com.intellij.rt.testng.RemoteTestNGStarter.main(RemoteTestNGStarter.java:109)
... Removed 30 stack frames]]>
    </failure>
  </testcase> <!-- getTestsWithSpecifiedOfferTest -->
  <testcase name="validateProfilePageNavigationTest" time="0.0" classname="com.dadlabs.tests.HomePageTest">
    <ignored/>
  </testcase> <!-- validateProfilePageNavigationTest -->
  <testcase name="verifySelectFromLimitedTimeDealsTests" time="0.0" classname="com.dadlabs.tests.HomePageTest">
    <ignored/>
  </testcase> <!-- verifySelectFromLimitedTimeDealsTests -->
  <testcase name="getTestOffersWithDiscountTest" time="0.0" classname="com.dadlabs.tests.HomePageTest">
    <ignored/>
  </testcase> <!-- getTestOffersWithDiscountTest -->
  <testcase name="validateUserNameTest" time="0.0" classname="com.dadlabs.tests.HomePageTest">
    <ignored/>
  </testcase> <!-- validateUserNameTest -->
  <testcase name="validateSelectFromPopularTests" time="0.0" classname="com.dadlabs.tests.HomePageTest">
    <ignored/>
  </testcase> <!-- validateSelectFromPopularTests -->
  <testcase name="validateViewSpecializedTests" time="0.0" classname="com.dadlabs.tests.HomePageTest">
    <ignored/>
  </testcase> <!-- validateViewSpecializedTests -->
  <testcase name="validateSearchPageNavigationTest" time="0.0" classname="com.dadlabs.tests.HomePageTest">
    <ignored/>
  </testcase> <!-- validateSearchPageNavigationTest -->
  <testcase name="validateCartNavigationTest" time="0.0" classname="com.dadlabs.tests.HomePageTest">
    <ignored/>
  </testcase> <!-- validateCartNavigationTest -->
  <testcase name="validateYourTestsPageNavigationTest" time="0.0" classname="com.dadlabs.tests.HomePageTest">
    <ignored/>
  </testcase> <!-- validateYourTestsPageNavigationTest -->
  <testcase name="verifyGetAllPopularTests" time="0.0" classname="com.dadlabs.tests.HomePageTest">
    <ignored/>
  </testcase> <!-- verifyGetAllPopularTests -->
</testsuite> <!-- dadLabs Automation TestCases -->
