<?xml version="1.0" encoding="UTF-8"?>
<!-- Generated by org.testng.reporters.JUnitXMLReporter -->
<testsuite hostname="MSI" ignored="2" name="dadLabsAppAutomation" tests="1" failures="0" timestamp="09 Apr 2023 18:39:14 GMT" time="0.032" errors="0">
  <testcase name="@BeforeTest setup" time="0.0" classname="com.dadlabs.base.BaseTest">
    <failure type="org.testng.TestNGException" message="
Parameter &amp;apos;platformName&amp;apos; is required by BeforeTest on method setup but has not been marked @Optional or defined
in C:\Users\DEV\AppData\Local\JetBrains\IdeaIC2022.3\temp-testng-customsuite.xml">
      <![CDATA[org.testng.TestNGException: 
Parameter 'platformName' is required by BeforeTest on method setup but has not been marked @Optional or defined
in C:\Users\DEV\AppData\Local\JetBrains\IdeaIC2022.3\temp-testng-customsuite.xml
at com.intellij.rt.testng.IDEARemoteTestNG.run(IDEARemoteTestNG.java:66)
at com.intellij.rt.testng.RemoteTestNGStarter.main(RemoteTestNGStarter.java:109)
... Removed 18 stack frames]]>
    </failure>
  </testcase> <!-- @BeforeTest setup -->
  <testcase name="@BeforeMethod setup" time="0.0" classname="com.dadlabs.tests.LandingPageTest">
    <skipped/>
  </testcase> <!-- @BeforeMethod setup -->
  <testcase name="@AfterTest quiteDriver" time="0.0" classname="com.dadlabs.base.BaseTest">
    <skipped/>
  </testcase> <!-- @AfterTest quiteDriver -->
  <testcase name="skipGuideInfoOnLandingPageTest" time="0.0" classname="com.dadlabs.tests.LandingPageTest">
    <skipped/>
  </testcase> <!-- skipGuideInfoOnLandingPageTest -->
  <testcase name="swipeGuideInfoTest" time="0.0" classname="com.dadlabs.tests.LandingPageTest">
    <ignored/>
  </testcase> <!-- swipeGuideInfoTest -->
  <testcase name="exploreGuideInfoTest" time="0.0" classname="com.dadlabs.tests.LandingPageTest">
    <ignored/>
  </testcase> <!-- exploreGuideInfoTest -->
</testsuite> <!-- dadLabsAppAutomation -->
