<?xml version="1.0" encoding="UTF-8"?>
<!-- Generated by org.testng.reporters.JUnitReportReporter -->
<testsuite skipped="20" hostname="MSI" name="com.dadlabs.tests.HomePageTest" tests="22" failures="0" timestamp="10 Apr 2023 07:42:06 GMT" time="66.741" errors="2">
  <testcase name="getTestsWithSpecifiedOfferTest" time="27.339" classname="com.dadlabs.tests.HomePageTest">
    <error type="org.openqa.selenium.NoSuchElementException" message="An element could not be located on the page using the given search parameters.
For documentation on this error, please visit: https://selenium.dev/exceptions/#no_such_element
Build info: version: &#039;4.8.3&#039;, revision: &#039;e5e76298c3&#039;
System info: os.name: &#039;Windows 10&#039;, os.arch: &#039;amd64&#039;, os.version: &#039;10.0&#039;, java.version: &#039;1.8.0_202&#039;
Driver info: io.appium.java_client.android.AndroidDriver
Command: [aacedc2d-816e-4fb2-999a-44f9d945869d, findChildElement {id=00000000-0000-0088-0000-004e00000003, using=xpath, value=.//android.view.View[contains(@content-desc,&quot;100RSOFF&quot;) and @clickable= &quot;false&quot;]/following-sibling::android.view.View[@clickable= &quot;true&quot;][1]}]
Capabilities {appium:app: C:\Users\DEV\Intellij IDEA ..., appium:appActivity: com.dadlabs.app.MainActivity, appium:appPackage: com.dadlabs.app.dev, appium:autoGrantPermissions: true, appium:automationName: uiautomator2, appium:chromeDriverPort: 11002, appium:databaseEnabled: false, appium:desired: {app: C:\Users\DEV\Intellij IDEA ..., appActivity: com.dadlabs.app.MainActivity, appPackage: com.dadlabs.app.dev, autoGrantPermissions: true, automationName: uiautomator2, chromeDriverPort: 11002, deviceName: Redmi Note 11T 5G, platformName: android, platformVersion: 11, systemPort: 10002, udid: CEAE69U8E65PPZEI}, appium:deviceApiLevel: 30, appium:deviceManufacturer: Xiaomi, appium:deviceModel: 21091116AI, appium:deviceName: CEAE69U8E65PPZEI, appium:deviceScreenDensity: 440, appium:deviceScreenSize: 1080x2400, appium:deviceUDID: CEAE69U8E65PPZEI, appium:javascriptEnabled: true, appium:locationContextEnabled: false, appium:networkConnectionEnabled: true, appium:pixelRatio: 2.75, appium:platformVersion: 11, appium:statBarHeight: 96, appium:systemPort: 10002, appium:takesScreenshot: true, appium:udid: CEAE69U8E65PPZEI, appium:viewportRect: {height: 2078, left: 0, top: 96, width: 1080}, appium:warnings: {}, appium:webStorageEnabled: false, platformName: ANDROID}
Session ID: aacedc2d-816e-4fb2-999a-44f9d945869d">
      <![CDATA[org.openqa.selenium.NoSuchElementException: An element could not be located on the page using the given search parameters.
For documentation on this error, please visit: https://selenium.dev/exceptions/#no_such_element
Build info: version: '4.8.3', revision: 'e5e76298c3'
System info: os.name: 'Windows 10', os.arch: 'amd64', os.version: '10.0', java.version: '1.8.0_202'
Driver info: io.appium.java_client.android.AndroidDriver
Command: [aacedc2d-816e-4fb2-999a-44f9d945869d, findChildElement {id=00000000-0000-0088-0000-004e00000003, using=xpath, value=.//android.view.View[contains(@content-desc,"100RSOFF") and @clickable= "false"]/following-sibling::android.view.View[@clickable= "true"][1]}]
Capabilities {appium:app: C:\Users\DEV\Intellij IDEA ..., appium:appActivity: com.dadlabs.app.MainActivity, appium:appPackage: com.dadlabs.app.dev, appium:autoGrantPermissions: true, appium:automationName: uiautomator2, appium:chromeDriverPort: 11002, appium:databaseEnabled: false, appium:desired: {app: C:\Users\DEV\Intellij IDEA ..., appActivity: com.dadlabs.app.MainActivity, appPackage: com.dadlabs.app.dev, autoGrantPermissions: true, automationName: uiautomator2, chromeDriverPort: 11002, deviceName: Redmi Note 11T 5G, platformName: android, platformVersion: 11, systemPort: 10002, udid: CEAE69U8E65PPZEI}, appium:deviceApiLevel: 30, appium:deviceManufacturer: Xiaomi, appium:deviceModel: 21091116AI, appium:deviceName: CEAE69U8E65PPZEI, appium:deviceScreenDensity: 440, appium:deviceScreenSize: 1080x2400, appium:deviceUDID: CEAE69U8E65PPZEI, appium:javascriptEnabled: true, appium:locationContextEnabled: false, appium:networkConnectionEnabled: true, appium:pixelRatio: 2.75, appium:platformVersion: 11, appium:statBarHeight: 96, appium:systemPort: 10002, appium:takesScreenshot: true, appium:udid: CEAE69U8E65PPZEI, appium:viewportRect: {height: 2078, left: 0, top: 96, width: 1080}, appium:warnings: {}, appium:webStorageEnabled: false, platformName: ANDROID}
Session ID: aacedc2d-816e-4fb2-999a-44f9d945869d
at sun.reflect.NativeConstructorAccessorImpl.newInstance0(Native Method)
at sun.reflect.NativeConstructorAccessorImpl.newInstance(NativeConstructorAccessorImpl.java:62)
at sun.reflect.DelegatingConstructorAccessorImpl.newInstance(DelegatingConstructorAccessorImpl.java:45)
at java.lang.reflect.Constructor.newInstance(Constructor.java:423)
at org.openqa.selenium.remote.codec.w3c.W3CHttpResponseCodec.createException(W3CHttpResponseCodec.java:200)
at org.openqa.selenium.remote.codec.w3c.W3CHttpResponseCodec.decode(W3CHttpResponseCodec.java:133)
at org.openqa.selenium.remote.codec.w3c.W3CHttpResponseCodec.decode(W3CHttpResponseCodec.java:53)
at org.openqa.selenium.remote.HttpCommandExecutor.execute(HttpCommandExecutor.java:193)
at io.appium.java_client.remote.AppiumCommandExecutor.execute(AppiumCommandExecutor.java:262)
at org.openqa.selenium.remote.RemoteWebDriver.execute(RemoteWebDriver.java:543)
at org.openqa.selenium.remote.ElementLocation$ElementFinder$2.findElement(ElementLocation.java:162)
at org.openqa.selenium.remote.ElementLocation.findElement(ElementLocation.java:60)
at org.openqa.selenium.remote.RemoteWebDriver.findElement(RemoteWebDriver.java:352)
at org.openqa.selenium.remote.RemoteWebElement.findElement(RemoteWebElement.java:227)
at sun.reflect.NativeMethodAccessorImpl.invoke0(Native Method)
at sun.reflect.NativeMethodAccessorImpl.invoke(NativeMethodAccessorImpl.java:62)
at sun.reflect.DelegatingMethodAccessorImpl.invoke(DelegatingMethodAccessorImpl.java:43)
at java.lang.reflect.Method.invoke(Method.java:498)
at io.appium.java_client.pagefactory.ElementInterceptor.getObject(ElementInterceptor.java:40)
at io.appium.java_client.pagefactory.interceptors.InterceptorOfASingleElement.intercept(InterceptorOfASingleElement.java:60)
at org.openqa.selenium.remote.RemoteWebElement$$EnhancerByCGLIB$$d27c0df4.findElement(<generated>)
at com.dadlabs.pages.HomePage.getTestsWithSpecifiedOffer(HomePage.java:112)
at com.dadlabs.tests.HomePageTest.getTestsWithSpecifiedOfferTest(HomePageTest.java:88)
at sun.reflect.NativeMethodAccessorImpl.invoke0(Native Method)
at sun.reflect.NativeMethodAccessorImpl.invoke(NativeMethodAccessorImpl.java:62)
at sun.reflect.DelegatingMethodAccessorImpl.invoke(DelegatingMethodAccessorImpl.java:43)
at java.lang.reflect.Method.invoke(Method.java:498)
at org.testng.internal.MethodInvocationHelper.invokeMethod(MethodInvocationHelper.java:124)
at org.testng.internal.Invoker.invokeMethod(Invoker.java:583)
at org.testng.internal.Invoker.invokeTestMethod(Invoker.java:719)
at org.testng.internal.Invoker.invokeTestMethods(Invoker.java:989)
at org.testng.internal.TestMethodWorker.invokeTestMethods(TestMethodWorker.java:125)
at org.testng.internal.TestMethodWorker.run(TestMethodWorker.java:109)
at org.testng.TestRunner.privateRun(TestRunner.java:648)
at org.testng.TestRunner.run(TestRunner.java:505)
at org.testng.SuiteRunner.runTest(SuiteRunner.java:455)
at org.testng.SuiteRunner.access$000(SuiteRunner.java:40)
at org.testng.SuiteRunner$SuiteWorker.run(SuiteRunner.java:489)
at org.testng.internal.thread.ThreadUtil$1.call(ThreadUtil.java:52)
at java.util.concurrent.FutureTask.run(FutureTask.java:266)
at java.util.concurrent.ThreadPoolExecutor.runWorker(ThreadPoolExecutor.java:1149)
at java.util.concurrent.ThreadPoolExecutor$Worker.run(ThreadPoolExecutor.java:624)
at java.lang.Thread.run(Thread.java:748)
]]>
    </error>
  </testcase> <!-- getTestsWithSpecifiedOfferTest -->
  <testcase name="getTestsWithSpecifiedOfferTest" time="39.402" classname="com.dadlabs.tests.HomePageTest">
    <error type="org.openqa.selenium.NoSuchElementException" message="An element could not be located on the page using the given search parameters.
For documentation on this error, please visit: https://selenium.dev/exceptions/#no_such_element
Build info: version: &#039;4.8.3&#039;, revision: &#039;e5e76298c3&#039;
System info: os.name: &#039;Windows 10&#039;, os.arch: &#039;amd64&#039;, os.version: &#039;10.0&#039;, java.version: &#039;1.8.0_202&#039;
Driver info: io.appium.java_client.android.AndroidDriver
Command: [85cb63d1-85bd-4331-a8b0-0f6620a5967a, findChildElement {id=00000000-0000-01e9-0000-004f00000003, using=xpath, value=.//android.view.View[contains(@content-desc,&quot;100RSOFF&quot;) and @clickable= &quot;false&quot;]/following-sibling::android.view.View[@clickable= &quot;true&quot;][1]}]
Capabilities {appium:app: C:\Users\DEV\Intellij IDEA ..., appium:appActivity: com.dadlabs.app.MainActivity, appium:appPackage: com.dadlabs.app.dev, appium:autoGrantPermissions: true, appium:automationName: uiautomator2, appium:chromeDriverPort: 11003, appium:databaseEnabled: false, appium:desired: {app: C:\Users\DEV\Intellij IDEA ..., appActivity: com.dadlabs.app.MainActivity, appPackage: com.dadlabs.app.dev, autoGrantPermissions: true, automationName: uiautomator2, chromeDriverPort: 11003, deviceName: OnePlus Nord 2T 5G, platformName: android, platformVersion: 13, systemPort: 10003, udid: 192.168.0.135:5555}, appium:deviceApiLevel: 33, appium:deviceManufacturer: OnePlus, appium:deviceModel: CPH2401, appium:deviceName: 192.168.0.135:5555, appium:deviceScreenDensity: 480, appium:deviceScreenSize: 1080x2400, appium:deviceUDID: 192.168.0.135:5555, appium:javascriptEnabled: true, appium:locationContextEnabled: false, appium:networkConnectionEnabled: true, appium:pixelRatio: 3, appium:platformVersion: 13, appium:statBarHeight: 113, appium:systemPort: 10003, appium:takesScreenshot: true, appium:udid: 192.168.0.135:5555, appium:viewportRect: {height: 2048, left: 0, top: 113, width: 1080}, appium:warnings: {}, appium:webStorageEnabled: false, platformName: ANDROID}
Session ID: 85cb63d1-85bd-4331-a8b0-0f6620a5967a">
      <![CDATA[org.openqa.selenium.NoSuchElementException: An element could not be located on the page using the given search parameters.
For documentation on this error, please visit: https://selenium.dev/exceptions/#no_such_element
Build info: version: '4.8.3', revision: 'e5e76298c3'
System info: os.name: 'Windows 10', os.arch: 'amd64', os.version: '10.0', java.version: '1.8.0_202'
Driver info: io.appium.java_client.android.AndroidDriver
Command: [85cb63d1-85bd-4331-a8b0-0f6620a5967a, findChildElement {id=00000000-0000-01e9-0000-004f00000003, using=xpath, value=.//android.view.View[contains(@content-desc,"100RSOFF") and @clickable= "false"]/following-sibling::android.view.View[@clickable= "true"][1]}]
Capabilities {appium:app: C:\Users\DEV\Intellij IDEA ..., appium:appActivity: com.dadlabs.app.MainActivity, appium:appPackage: com.dadlabs.app.dev, appium:autoGrantPermissions: true, appium:automationName: uiautomator2, appium:chromeDriverPort: 11003, appium:databaseEnabled: false, appium:desired: {app: C:\Users\DEV\Intellij IDEA ..., appActivity: com.dadlabs.app.MainActivity, appPackage: com.dadlabs.app.dev, autoGrantPermissions: true, automationName: uiautomator2, chromeDriverPort: 11003, deviceName: OnePlus Nord 2T 5G, platformName: android, platformVersion: 13, systemPort: 10003, udid: 192.168.0.135:5555}, appium:deviceApiLevel: 33, appium:deviceManufacturer: OnePlus, appium:deviceModel: CPH2401, appium:deviceName: 192.168.0.135:5555, appium:deviceScreenDensity: 480, appium:deviceScreenSize: 1080x2400, appium:deviceUDID: 192.168.0.135:5555, appium:javascriptEnabled: true, appium:locationContextEnabled: false, appium:networkConnectionEnabled: true, appium:pixelRatio: 3, appium:platformVersion: 13, appium:statBarHeight: 113, appium:systemPort: 10003, appium:takesScreenshot: true, appium:udid: 192.168.0.135:5555, appium:viewportRect: {height: 2048, left: 0, top: 113, width: 1080}, appium:warnings: {}, appium:webStorageEnabled: false, platformName: ANDROID}
Session ID: 85cb63d1-85bd-4331-a8b0-0f6620a5967a
at sun.reflect.NativeConstructorAccessorImpl.newInstance0(Native Method)
at sun.reflect.NativeConstructorAccessorImpl.newInstance(NativeConstructorAccessorImpl.java:62)
at sun.reflect.DelegatingConstructorAccessorImpl.newInstance(DelegatingConstructorAccessorImpl.java:45)
at java.lang.reflect.Constructor.newInstance(Constructor.java:423)
at org.openqa.selenium.remote.codec.w3c.W3CHttpResponseCodec.createException(W3CHttpResponseCodec.java:200)
at org.openqa.selenium.remote.codec.w3c.W3CHttpResponseCodec.decode(W3CHttpResponseCodec.java:133)
at org.openqa.selenium.remote.codec.w3c.W3CHttpResponseCodec.decode(W3CHttpResponseCodec.java:53)
at org.openqa.selenium.remote.HttpCommandExecutor.execute(HttpCommandExecutor.java:193)
at io.appium.java_client.remote.AppiumCommandExecutor.execute(AppiumCommandExecutor.java:262)
at org.openqa.selenium.remote.RemoteWebDriver.execute(RemoteWebDriver.java:543)
at org.openqa.selenium.remote.ElementLocation$ElementFinder$2.findElement(ElementLocation.java:162)
at org.openqa.selenium.remote.ElementLocation.findElement(ElementLocation.java:60)
at org.openqa.selenium.remote.RemoteWebDriver.findElement(RemoteWebDriver.java:352)
at org.openqa.selenium.remote.RemoteWebElement.findElement(RemoteWebElement.java:227)
at sun.reflect.NativeMethodAccessorImpl.invoke0(Native Method)
at sun.reflect.NativeMethodAccessorImpl.invoke(NativeMethodAccessorImpl.java:62)
at sun.reflect.DelegatingMethodAccessorImpl.invoke(DelegatingMethodAccessorImpl.java:43)
at java.lang.reflect.Method.invoke(Method.java:498)
at io.appium.java_client.pagefactory.ElementInterceptor.getObject(ElementInterceptor.java:40)
at io.appium.java_client.pagefactory.interceptors.InterceptorOfASingleElement.intercept(InterceptorOfASingleElement.java:60)
at org.openqa.selenium.remote.RemoteWebElement$$EnhancerByCGLIB$$d27c0df4.findElement(<generated>)
at com.dadlabs.pages.HomePage.getTestsWithSpecifiedOffer(HomePage.java:112)
at com.dadlabs.tests.HomePageTest.getTestsWithSpecifiedOfferTest(HomePageTest.java:88)
at sun.reflect.NativeMethodAccessorImpl.invoke0(Native Method)
at sun.reflect.NativeMethodAccessorImpl.invoke(NativeMethodAccessorImpl.java:62)
at sun.reflect.DelegatingMethodAccessorImpl.invoke(DelegatingMethodAccessorImpl.java:43)
at java.lang.reflect.Method.invoke(Method.java:498)
at org.testng.internal.MethodInvocationHelper.invokeMethod(MethodInvocationHelper.java:124)
at org.testng.internal.Invoker.invokeMethod(Invoker.java:583)
at org.testng.internal.Invoker.invokeTestMethod(Invoker.java:719)
at org.testng.internal.Invoker.invokeTestMethods(Invoker.java:989)
at org.testng.internal.TestMethodWorker.invokeTestMethods(TestMethodWorker.java:125)
at org.testng.internal.TestMethodWorker.run(TestMethodWorker.java:109)
at org.testng.TestRunner.privateRun(TestRunner.java:648)
at org.testng.TestRunner.run(TestRunner.java:505)
at org.testng.SuiteRunner.runTest(SuiteRunner.java:455)
at org.testng.SuiteRunner.access$000(SuiteRunner.java:40)
at org.testng.SuiteRunner$SuiteWorker.run(SuiteRunner.java:489)
at org.testng.internal.thread.ThreadUtil$1.call(ThreadUtil.java:52)
at java.util.concurrent.FutureTask.run(FutureTask.java:266)
at java.util.concurrent.ThreadPoolExecutor.runWorker(ThreadPoolExecutor.java:1149)
at java.util.concurrent.ThreadPoolExecutor$Worker.run(ThreadPoolExecutor.java:624)
at java.lang.Thread.run(Thread.java:748)
]]>
    </error>
  </testcase> <!-- getTestsWithSpecifiedOfferTest -->
  <testcase name="validateCartNavigationTest" classname="com.dadlabs.tests.HomePageTest">
    <skipped/>
  </testcase> <!-- validateCartNavigationTest -->
  <testcase name="validateYourTestsPageNavigationTest" classname="com.dadlabs.tests.HomePageTest">
    <skipped/>
  </testcase> <!-- validateYourTestsPageNavigationTest -->
  <testcase name="validateCartNavigationTest" classname="com.dadlabs.tests.HomePageTest">
    <skipped/>
  </testcase> <!-- validateCartNavigationTest -->
  <testcase name="validateYourTestsPageNavigationTest" classname="com.dadlabs.tests.HomePageTest">
    <skipped/>
  </testcase> <!-- validateYourTestsPageNavigationTest -->
  <testcase name="validateProfilePageNavigationTest" classname="com.dadlabs.tests.HomePageTest">
    <skipped/>
  </testcase> <!-- validateProfilePageNavigationTest -->
  <testcase name="validateProfilePageNavigationTest" classname="com.dadlabs.tests.HomePageTest">
    <skipped/>
  </testcase> <!-- validateProfilePageNavigationTest -->
  <testcase name="verifySelectFromLimitedTimeDealsTests" classname="com.dadlabs.tests.HomePageTest">
    <skipped/>
  </testcase> <!-- verifySelectFromLimitedTimeDealsTests -->
  <testcase name="verifySelectFromLimitedTimeDealsTests" classname="com.dadlabs.tests.HomePageTest">
    <skipped/>
  </testcase> <!-- verifySelectFromLimitedTimeDealsTests -->
  <testcase name="getTestOffersWithDiscountTest" classname="com.dadlabs.tests.HomePageTest">
    <skipped/>
  </testcase> <!-- getTestOffersWithDiscountTest -->
  <testcase name="validateUserNameTest" classname="com.dadlabs.tests.HomePageTest">
    <skipped/>
  </testcase> <!-- validateUserNameTest -->
  <testcase name="validateSelectFromPopularTests" classname="com.dadlabs.tests.HomePageTest">
    <skipped/>
  </testcase> <!-- validateSelectFromPopularTests -->
  <testcase name="getTestOffersWithDiscountTest" classname="com.dadlabs.tests.HomePageTest">
    <skipped/>
  </testcase> <!-- getTestOffersWithDiscountTest -->
  <testcase name="validateUserNameTest" classname="com.dadlabs.tests.HomePageTest">
    <skipped/>
  </testcase> <!-- validateUserNameTest -->
  <testcase name="validateSelectFromPopularTests" classname="com.dadlabs.tests.HomePageTest">
    <skipped/>
  </testcase> <!-- validateSelectFromPopularTests -->
  <testcase name="validateViewSpecializedTests" classname="com.dadlabs.tests.HomePageTest">
    <skipped/>
  </testcase> <!-- validateViewSpecializedTests -->
  <testcase name="validateSearchPageNavigationTest" classname="com.dadlabs.tests.HomePageTest">
    <skipped/>
  </testcase> <!-- validateSearchPageNavigationTest -->
  <testcase name="validateViewSpecializedTests" classname="com.dadlabs.tests.HomePageTest">
    <skipped/>
  </testcase> <!-- validateViewSpecializedTests -->
  <testcase name="validateSearchPageNavigationTest" classname="com.dadlabs.tests.HomePageTest">
    <skipped/>
  </testcase> <!-- validateSearchPageNavigationTest -->
  <testcase name="verifyGetAllPopularTests" classname="com.dadlabs.tests.HomePageTest">
    <skipped/>
  </testcase> <!-- verifyGetAllPopularTests -->
  <testcase name="verifyGetAllPopularTests" classname="com.dadlabs.tests.HomePageTest">
    <skipped/>
  </testcase> <!-- verifyGetAllPopularTests -->
</testsuite> <!-- com.dadlabs.tests.HomePageTest -->
